<?xml version="1.0" encoding="UTF-8"?>
<robot generator="Robot 3.1.2 (Python 3.7.4 on win32)" generated="20190902 12:14:16.525" rpa="false">
<suite id="s1" name="testDomain" source="C:\Users\formation\Documents\SquashTA-1.10.0-RELEASE-workspace\Projet - RED Robot Framework\script\testDomain.robot">
<test id="s1-t1" name="Domain research test case">
<kw name="Set Selenium Implicit Wait" library="SeleniumLibrary">
<doc>Sets the implicit wait value used by Selenium.</doc>
<arguments>
<arg>2 seconds</arg>
</arguments>
<status status="PASS" starttime="20190902 12:14:16.830" endtime="20190902 12:14:16.830"></status>
</kw>
<kw name="Open Browser" library="SeleniumLibrary">
<doc>Opens a new browser instance to the given ``url``.</doc>
<arguments>
<arg>https://ca.godaddy.com/</arg>
<arg>firefox</arg>
</arguments>
<msg timestamp="20190902 12:14:16.830" level="INFO">Opening browser 'firefox' to base url 'https://ca.godaddy.com/'.</msg>
<status status="PASS" starttime="20190902 12:14:16.830" endtime="20190902 12:14:23.621"></status>
</kw>
<kw name="Wait Until Element Is Visible" library="SeleniumLibrary">
<doc>Waits until element ``locator`` is visible.</doc>
<arguments>
<arg>name=domainToCheck</arg>
</arguments>
<status status="PASS" starttime="20190902 12:14:23.621" endtime="20190902 12:14:23.699"></status>
</kw>
<kw name="Title Should Be" library="SeleniumLibrary">
<doc>Verifies that current page title equals ``title``.</doc>
<arguments>
<arg>Domain Names, Websites, Hosting &amp; Online Marketing Tools - GoDaddy CA</arg>
</arguments>
<msg timestamp="20190902 12:14:23.699" level="INFO">Page title is 'Domain Names, Websites, Hosting &amp; Online Marketing Tools - GoDaddy CA'.</msg>
<status status="PASS" starttime="20190902 12:14:23.699" endtime="20190902 12:14:23.699"></status>
</kw>
<kw name="Input Text" library="SeleniumLibrary">
<doc>Types the given ``text`` into text field identified by ``locator``.</doc>
<arguments>
<arg>name=domainToCheck</arg>
<arg>supercrocodile</arg>
</arguments>
<msg timestamp="20190902 12:14:23.699" level="INFO">Typing text 'supercrocodile' into text field 'name=domainToCheck'.</msg>
<status status="PASS" starttime="20190902 12:14:23.699" endtime="20190902 12:14:24.246"></status>
</kw>
<kw name="Click Button" library="SeleniumLibrary">
<doc>Clicks button identified by ``locator``.</doc>
<arguments>
<arg>xpath=//button[@value='Search']</arg>
</arguments>
<msg timestamp="20190902 12:14:24.246" level="INFO">Clicking button 'xpath=//button[@value='Search']'.</msg>
<status status="PASS" starttime="20190902 12:14:24.246" endtime="20190902 12:14:25.105"></status>
</kw>
<kw name="Wait Until Page Contains Element" library="SeleniumLibrary">
<doc>Waits until element ``locator`` appears on current page.</doc>
<arguments>
<arg>xpath=//div[@class='spin-results-wrap']</arg>
</arguments>
<status status="PASS" starttime="20190902 12:14:25.105" endtime="20190902 12:14:26.137"></status>
</kw>
<kw name="Get WebElement" library="SeleniumLibrary">
<doc>Returns the first WebElement matching the given ``locator``.</doc>
<arguments>
<arg>xpath=//div[@class='spin-results-wrap']</arg>
</arguments>
<assign>
<var>${result}</var>
</assign>
<msg timestamp="20190902 12:14:26.264" level="INFO">${result} = &lt;selenium.webdriver.firefox.webelement.FirefoxWebElement (session="7c491dde-5a2a-4108-af02-1159e064bdef", element="abff0cbf-73e1-4c2f-9cd8-1b922ca7ff81")&gt;</msg>
<status status="PASS" starttime="20190902 12:14:26.137" endtime="20190902 12:14:26.264"></status>
</kw>
<kw name="Element Should Be Visible" library="SeleniumLibrary">
<doc>Verifies that the element identified by ``locator`` is visible.</doc>
<arguments>
<arg>${result}</arg>
<arg>message="Les résultats ne sont pas affichés"</arg>
</arguments>
<msg timestamp="20190902 12:14:26.344" level="INFO">Element '&lt;selenium.webdriver.firefox.webelement.FirefoxWebElement (session="7c491dde-5a2a-4108-af02-1159e064bdef", element="abff0cbf-73e1-4c2f-9cd8-1b922ca7ff81")&gt;' is displayed.</msg>
<status status="PASS" starttime="20190902 12:14:26.264" endtime="20190902 12:14:26.345"></status>
</kw>
<kw name="Close Browser" library="SeleniumLibrary">
<doc>Closes the current browser.</doc>
<status status="PASS" starttime="20190902 12:14:26.346" endtime="20190902 12:14:27.448"></status>
</kw>
<status status="PASS" starttime="20190902 12:14:16.830" endtime="20190902 12:14:27.448" critical="yes"></status>
</test>
<doc>A test suite with a single test : web domain research</doc>
<status status="PASS" starttime="20190902 12:14:16.525" endtime="20190902 12:14:27.448"></status>
</suite>
<statistics>
<total>
<stat pass="1" fail="0">Critical Tests</stat>
<stat pass="1" fail="0">All Tests</stat>
</total>
<tag>
</tag>
<suite>
<stat pass="1" fail="0" id="s1" name="testDomain">testDomain</stat>
</suite>
</statistics>
<errors>
</errors>
</robot>
