<?xml version="1.0" encoding="UTF-8"?>
<robot generator="Robot 3.1.2 (Python 3.7.4 on win32)" generated="20190903 16:16:05.839" rpa="false">
<suite id="s1" name="Projet - RED Robot Framework" source="C:\Users\formation\Documents\SquashTA-1.10.0-RELEASE-workspace\Projet - RED Robot Framework">
<suite id="s1-s1" name="Script" source="C:\Users\formation\Documents\SquashTA-1.10.0-RELEASE-workspace\Projet - RED Robot Framework\script">
<suite id="s1-s1-s1" name="Exercice7" source="C:\Users\formation\Documents\SquashTA-1.10.0-RELEASE-workspace\Projet - RED Robot Framework\script\exercice7.robot">
<test id="s1-s1-s1-t1" name="Cas de test 1">
<kw name="Log into Facebook">
<arguments>
<arg>hello1@haha.com</arg>
<arg>pwd1</arg>
</arguments>
<kw name="Open Browser" library="SeleniumLibrary">
<doc>Opens a new browser instance to the given ``url``.</doc>
<arguments>
<arg>https://www.facebook.com/</arg>
<arg>${browser}</arg>
</arguments>
<msg timestamp="20190903 16:16:06.081" level="INFO">Opening browser 'chrome' to base url 'https://www.facebook.com/'.</msg>
<status status="PASS" starttime="20190903 16:16:06.081" endtime="20190903 16:16:09.196"></status>
</kw>
<kw name="Set Selenium Implicit Wait" library="SeleniumLibrary">
<doc>Sets the implicit wait value used by Selenium.</doc>
<arguments>
<arg>2 seconds</arg>
</arguments>
<status status="PASS" starttime="20190903 16:16:09.197" endtime="20190903 16:16:09.200"></status>
</kw>
<kw name="Title Should Be" library="SeleniumLibrary">
<doc>Verifies that current page title equals ``title``.</doc>
<arguments>
<arg>Facebook - Connexion ou inscription</arg>
</arguments>
<msg timestamp="20190903 16:16:09.544" level="INFO">Page title is 'Facebook - Connexion ou inscription'.</msg>
<status status="PASS" starttime="20190903 16:16:09.200" endtime="20190903 16:16:09.545"></status>
</kw>
<kw name="Input Text" library="SeleniumLibrary">
<doc>Types the given ``text`` into text field identified by ``locator``.</doc>
<arguments>
<arg>id=email</arg>
<arg>${user}</arg>
</arguments>
<msg timestamp="20190903 16:16:09.545" level="INFO">Typing text 'hello1@haha.com' into text field 'id=email'.</msg>
<status status="PASS" starttime="20190903 16:16:09.545" endtime="20190903 16:16:09.742"></status>
</kw>
<kw name="Input Text" library="SeleniumLibrary">
<doc>Types the given ``text`` into text field identified by ``locator``.</doc>
<arguments>
<arg>id=pass</arg>
<arg>${pwd}</arg>
</arguments>
<msg timestamp="20190903 16:16:09.742" level="INFO">Typing text 'pwd1' into text field 'id=pass'.</msg>
<status status="PASS" starttime="20190903 16:16:09.742" endtime="20190903 16:16:09.801"></status>
</kw>
<kw name="Click Button" library="SeleniumLibrary">
<doc>Clicks button identified by ``locator``.</doc>
<arguments>
<arg>id=u_0_a</arg>
</arguments>
<msg timestamp="20190903 16:16:09.801" level="INFO">Clicking button 'id=u_0_a'.</msg>
<status status="PASS" starttime="20190903 16:16:09.801" endtime="20190903 16:16:17.830"></status>
</kw>
<kw name="Page Should Contain Element" library="SeleniumLibrary">
<doc>Verifies that element ``locator`` is found on the current page.</doc>
<arguments>
<arg>xpath=//div[@role='alert']</arg>
</arguments>
<msg timestamp="20190903 16:16:17.842" level="INFO">Current page contains element 'xpath=//div[@role='alert']'.</msg>
<status status="PASS" starttime="20190903 16:16:17.830" endtime="20190903 16:16:17.842"></status>
</kw>
<kw name="Close Browser" library="SeleniumLibrary">
<doc>Closes the current browser.</doc>
<status status="PASS" starttime="20190903 16:16:17.842" endtime="20190903 16:16:19.949"></status>
</kw>
<status status="PASS" starttime="20190903 16:16:06.081" endtime="20190903 16:16:19.949"></status>
</kw>
<status status="PASS" starttime="20190903 16:16:06.081" endtime="20190903 16:16:19.949" critical="yes"></status>
</test>
<test id="s1-s1-s1-t2" name="Cas de test 2">
<kw name="Log into Facebook">
<arguments>
<arg>hello2@gougou.com</arg>
<arg>pwd2</arg>
</arguments>
<kw name="Open Browser" library="SeleniumLibrary">
<doc>Opens a new browser instance to the given ``url``.</doc>
<arguments>
<arg>https://www.facebook.com/</arg>
<arg>${browser}</arg>
</arguments>
<msg timestamp="20190903 16:16:19.956" level="INFO">Opening browser 'chrome' to base url 'https://www.facebook.com/'.</msg>
<status status="PASS" starttime="20190903 16:16:19.956" endtime="20190903 16:16:22.956"></status>
</kw>
<kw name="Set Selenium Implicit Wait" library="SeleniumLibrary">
<doc>Sets the implicit wait value used by Selenium.</doc>
<arguments>
<arg>2 seconds</arg>
</arguments>
<status status="PASS" starttime="20190903 16:16:22.956" endtime="20190903 16:16:22.959"></status>
</kw>
<kw name="Title Should Be" library="SeleniumLibrary">
<doc>Verifies that current page title equals ``title``.</doc>
<arguments>
<arg>Facebook - Connexion ou inscription</arg>
</arguments>
<msg timestamp="20190903 16:16:22.972" level="INFO">Page title is 'Facebook - Connexion ou inscription'.</msg>
<status status="PASS" starttime="20190903 16:16:22.959" endtime="20190903 16:16:22.972"></status>
</kw>
<kw name="Input Text" library="SeleniumLibrary">
<doc>Types the given ``text`` into text field identified by ``locator``.</doc>
<arguments>
<arg>id=email</arg>
<arg>${user}</arg>
</arguments>
<msg timestamp="20190903 16:16:22.972" level="INFO">Typing text 'hello2@gougou.com' into text field 'id=email'.</msg>
<status status="PASS" starttime="20190903 16:16:22.972" endtime="20190903 16:16:23.503"></status>
</kw>
<kw name="Input Text" library="SeleniumLibrary">
<doc>Types the given ``text`` into text field identified by ``locator``.</doc>
<arguments>
<arg>id=pass</arg>
<arg>${pwd}</arg>
</arguments>
<msg timestamp="20190903 16:16:23.504" level="INFO">Typing text 'pwd2' into text field 'id=pass'.</msg>
<status status="PASS" starttime="20190903 16:16:23.503" endtime="20190903 16:16:23.570"></status>
</kw>
<kw name="Click Button" library="SeleniumLibrary">
<doc>Clicks button identified by ``locator``.</doc>
<arguments>
<arg>id=u_0_a</arg>
</arguments>
<msg timestamp="20190903 16:16:23.571" level="INFO">Clicking button 'id=u_0_a'.</msg>
<status status="PASS" starttime="20190903 16:16:23.570" endtime="20190903 16:16:27.383"></status>
</kw>
<kw name="Page Should Contain Element" library="SeleniumLibrary">
<doc>Verifies that element ``locator`` is found on the current page.</doc>
<arguments>
<arg>xpath=//div[@role='alert']</arg>
</arguments>
<msg timestamp="20190903 16:16:27.393" level="INFO">Current page contains element 'xpath=//div[@role='alert']'.</msg>
<status status="PASS" starttime="20190903 16:16:27.383" endtime="20190903 16:16:27.394"></status>
</kw>
<kw name="Close Browser" library="SeleniumLibrary">
<doc>Closes the current browser.</doc>
<status status="PASS" starttime="20190903 16:16:27.394" endtime="20190903 16:16:29.490"></status>
</kw>
<status status="PASS" starttime="20190903 16:16:19.955" endtime="20190903 16:16:29.490"></status>
</kw>
<status status="PASS" starttime="20190903 16:16:19.955" endtime="20190903 16:16:29.490" critical="yes"></status>
</test>
<test id="s1-s1-s1-t3" name="Cas de test 3">
<kw name="Log into Facebook">
<arguments>
<arg>hello3@hoho.com</arg>
<arg>pwd3</arg>
</arguments>
<kw name="Open Browser" library="SeleniumLibrary">
<doc>Opens a new browser instance to the given ``url``.</doc>
<arguments>
<arg>https://www.facebook.com/</arg>
<arg>${browser}</arg>
</arguments>
<msg timestamp="20190903 16:16:29.495" level="INFO">Opening browser 'chrome' to base url 'https://www.facebook.com/'.</msg>
<status status="PASS" starttime="20190903 16:16:29.495" endtime="20190903 16:16:32.414"></status>
</kw>
<kw name="Set Selenium Implicit Wait" library="SeleniumLibrary">
<doc>Sets the implicit wait value used by Selenium.</doc>
<arguments>
<arg>2 seconds</arg>
</arguments>
<status status="PASS" starttime="20190903 16:16:32.415" endtime="20190903 16:16:32.417"></status>
</kw>
<kw name="Title Should Be" library="SeleniumLibrary">
<doc>Verifies that current page title equals ``title``.</doc>
<arguments>
<arg>Facebook - Connexion ou inscription</arg>
</arguments>
<msg timestamp="20190903 16:16:32.687" level="INFO">Page title is 'Facebook - Connexion ou inscription'.</msg>
<status status="PASS" starttime="20190903 16:16:32.417" endtime="20190903 16:16:32.687"></status>
</kw>
<kw name="Input Text" library="SeleniumLibrary">
<doc>Types the given ``text`` into text field identified by ``locator``.</doc>
<arguments>
<arg>id=email</arg>
<arg>${user}</arg>
</arguments>
<msg timestamp="20190903 16:16:32.688" level="INFO">Typing text 'hello3@hoho.com' into text field 'id=email'.</msg>
<status status="PASS" starttime="20190903 16:16:32.688" endtime="20190903 16:16:32.881"></status>
</kw>
<kw name="Input Text" library="SeleniumLibrary">
<doc>Types the given ``text`` into text field identified by ``locator``.</doc>
<arguments>
<arg>id=pass</arg>
<arg>${pwd}</arg>
</arguments>
<msg timestamp="20190903 16:16:32.882" level="INFO">Typing text 'pwd3' into text field 'id=pass'.</msg>
<status status="PASS" starttime="20190903 16:16:32.882" endtime="20190903 16:16:32.949"></status>
</kw>
<kw name="Click Button" library="SeleniumLibrary">
<doc>Clicks button identified by ``locator``.</doc>
<arguments>
<arg>id=u_0_a</arg>
</arguments>
<msg timestamp="20190903 16:16:32.949" level="INFO">Clicking button 'id=u_0_a'.</msg>
<status status="PASS" starttime="20190903 16:16:32.949" endtime="20190903 16:16:33.048"></status>
</kw>
<kw name="Page Should Contain Element" library="SeleniumLibrary">
<doc>Verifies that element ``locator`` is found on the current page.</doc>
<arguments>
<arg>xpath=//div[@role='alert']</arg>
</arguments>
<msg timestamp="20190903 16:16:33.071" level="INFO">Current page contains element 'xpath=//div[@role='alert']'.</msg>
<status status="PASS" starttime="20190903 16:16:33.048" endtime="20190903 16:16:33.072"></status>
</kw>
<kw name="Close Browser" library="SeleniumLibrary">
<doc>Closes the current browser.</doc>
<status status="PASS" starttime="20190903 16:16:33.072" endtime="20190903 16:16:35.179"></status>
</kw>
<status status="PASS" starttime="20190903 16:16:29.495" endtime="20190903 16:16:35.179"></status>
</kw>
<status status="PASS" starttime="20190903 16:16:29.494" endtime="20190903 16:16:35.179" critical="yes"></status>
</test>
<test id="s1-s1-s1-t4" name="Cas de test 4">
<kw name="Log into Facebook">
<arguments>
<arg>${EMPTY}</arg>
<arg>${EMPTY}</arg>
</arguments>
<kw name="Open Browser" library="SeleniumLibrary">
<doc>Opens a new browser instance to the given ``url``.</doc>
<arguments>
<arg>https://www.facebook.com/</arg>
<arg>${browser}</arg>
</arguments>
<msg timestamp="20190903 16:16:35.184" level="INFO">Opening browser 'chrome' to base url 'https://www.facebook.com/'.</msg>
<status status="PASS" starttime="20190903 16:16:35.184" endtime="20190903 16:16:38.150"></status>
</kw>
<kw name="Set Selenium Implicit Wait" library="SeleniumLibrary">
<doc>Sets the implicit wait value used by Selenium.</doc>
<arguments>
<arg>2 seconds</arg>
</arguments>
<status status="PASS" starttime="20190903 16:16:38.151" endtime="20190903 16:16:38.153"></status>
</kw>
<kw name="Title Should Be" library="SeleniumLibrary">
<doc>Verifies that current page title equals ``title``.</doc>
<arguments>
<arg>Facebook - Connexion ou inscription</arg>
</arguments>
<msg timestamp="20190903 16:16:38.441" level="INFO">Page title is 'Facebook - Connexion ou inscription'.</msg>
<status status="PASS" starttime="20190903 16:16:38.154" endtime="20190903 16:16:38.442"></status>
</kw>
<kw name="Input Text" library="SeleniumLibrary">
<doc>Types the given ``text`` into text field identified by ``locator``.</doc>
<arguments>
<arg>id=email</arg>
<arg>${user}</arg>
</arguments>
<msg timestamp="20190903 16:16:38.442" level="INFO">Typing text '' into text field 'id=email'.</msg>
<status status="PASS" starttime="20190903 16:16:38.442" endtime="20190903 16:16:38.580"></status>
</kw>
<kw name="Input Text" library="SeleniumLibrary">
<doc>Types the given ``text`` into text field identified by ``locator``.</doc>
<arguments>
<arg>id=pass</arg>
<arg>${pwd}</arg>
</arguments>
<msg timestamp="20190903 16:16:38.581" level="INFO">Typing text '' into text field 'id=pass'.</msg>
<status status="PASS" starttime="20190903 16:16:38.580" endtime="20190903 16:16:38.629"></status>
</kw>
<kw name="Click Button" library="SeleniumLibrary">
<doc>Clicks button identified by ``locator``.</doc>
<arguments>
<arg>id=u_0_a</arg>
</arguments>
<msg timestamp="20190903 16:16:38.630" level="INFO">Clicking button 'id=u_0_a'.</msg>
<status status="PASS" starttime="20190903 16:16:38.629" endtime="20190903 16:16:39.181"></status>
</kw>
<kw name="Page Should Contain Element" library="SeleniumLibrary">
<doc>Verifies that element ``locator`` is found on the current page.</doc>
<arguments>
<arg>xpath=//div[@role='alert']</arg>
</arguments>
<msg timestamp="20190903 16:16:39.193" level="INFO">Current page contains element 'xpath=//div[@role='alert']'.</msg>
<status status="PASS" starttime="20190903 16:16:39.181" endtime="20190903 16:16:39.194"></status>
</kw>
<kw name="Close Browser" library="SeleniumLibrary">
<doc>Closes the current browser.</doc>
<status status="PASS" starttime="20190903 16:16:39.194" endtime="20190903 16:16:41.305"></status>
</kw>
<status status="PASS" starttime="20190903 16:16:35.183" endtime="20190903 16:16:41.305"></status>
</kw>
<status status="PASS" starttime="20190903 16:16:35.179" endtime="20190903 16:16:41.305" critical="yes"></status>
</test>
<doc>A test suite with a single test : Template</doc>
<status status="PASS" starttime="20190903 16:16:05.887" endtime="20190903 16:16:41.310"></status>
</suite>
<status status="PASS" starttime="20190903 16:16:05.887" endtime="20190903 16:16:41.310"></status>
</suite>
<status status="PASS" starttime="20190903 16:16:05.867" endtime="20190903 16:16:41.310"></status>
</suite>
<statistics>
<total>
<stat pass="4" fail="0">Critical Tests</stat>
<stat pass="4" fail="0">All Tests</stat>
</total>
<tag>
</tag>
<suite>
<stat pass="4" fail="0" id="s1" name="Projet - RED Robot Framework">Projet - RED Robot Framework</stat>
<stat pass="4" fail="0" id="s1-s1" name="Script">Projet - RED Robot Framework.Script</stat>
<stat pass="4" fail="0" id="s1-s1-s1" name="Exercice7">Projet - RED Robot Framework.Script.Exercice7</stat>
</suite>
</statistics>
<errors>
</errors>
</robot>
